18:38:51 **** Incremental Build of configuration Debug for project F429x_Vibgyor_bars ****
make -j12 all 
arm-none-eabi-gcc "../Src/bsp_lcd.c" -mcpu=cortex-m4 -std=gnu11 -g3 -DDEBUG -DSTM32F429I_DISC1 -DSTM32 -DSTM32F429ZITx -DSTM32F4 -c -I../Inc -O0 -ffunction-sections -fdata-sections -Wall -fstack-usage -fcyclomatic-complexity -MMD -MP -MF"Src/bsp_lcd.d" -MT"Src/bsp_lcd.o" --specs=nano.specs -mfpu=fpv4-sp-d16 -mfloat-abi=soft -mthumb -o "Src/bsp_lcd.o"
arm-none-eabi-gcc "../Src/bsp_lcd_ex.c" -mcpu=cortex-m4 -std=gnu11 -g3 -DDEBUG -DSTM32F429I_DISC1 -DSTM32 -DSTM32F429ZITx -DSTM32F4 -c -I../Inc -O0 -ffunction-sections -fdata-sections -Wall -fstack-usage -fcyclomatic-complexity -MMD -MP -MF"Src/bsp_lcd_ex.d" -MT"Src/bsp_lcd_ex.o" --specs=nano.specs -mfpu=fpv4-sp-d16 -mfloat-abi=soft -mthumb -o "Src/bsp_lcd_ex.o"
arm-none-eabi-gcc "../Src/main.c" -mcpu=cortex-m4 -std=gnu11 -g3 -DDEBUG -DSTM32F429I_DISC1 -DSTM32 -DSTM32F429ZITx -DSTM32F4 -c -I../Inc -O0 -ffunction-sections -fdata-sections -Wall -fstack-usage -fcyclomatic-complexity -MMD -MP -MF"Src/main.d" -MT"Src/main.o" --specs=nano.specs -mfpu=fpv4-sp-d16 -mfloat-abi=soft -mthumb -o "Src/main.o"
arm-none-eabi-gcc -o "F429x_Vibgyor_bars.elf" @"objects.list"   -mcpu=cortex-m4 -T"C:\Users\shrey\STM32CubeIDE\EmbeddedGraphicsLVGL-MCU3\Projects\001Vibgyor_Bars\1_32F429IDISCOVERY\STM32F429ZITX_FLASH.ld" --specs=nosys.specs -Wl,-Map="F429x_Vibgyor_bars.map" -Wl,--gc-sections -static --specs=nano.specs -mfpu=fpv4-sp-d16 -mfloat-abi=soft -mthumb -Wl,--start-group -lc -lm -Wl,--end-group
C:/ST/STM32CubeIDE_1.16.0/STM32CubeIDE/plugins/com.st.stm32cube.ide.mcu.externaltools.gnu-tools-for-stm32.12.3.rel1.win32_1.0.200.202406191623/tools/bin/../lib/gcc/arm-none-eabi/12.3.1/../../../../arm-none-eabi/bin/ld.exe: warning: F429x_Vibgyor_bars.elf has a LOAD segment with RWX permissions
Finished building target: F429x_Vibgyor_bars.elf
 
arm-none-eabi-size  F429x_Vibgyor_bars.elf 
arm-none-eabi-objdump -h -S F429x_Vibgyor_bars.elf  > "F429x_Vibgyor_bars.list"
   text	   data	    bss	    dec	    hex	filename
   4932	     96	 155168	 160196	  271c4	F429x_Vibgyor_bars.elf
Finished building: default.size.stdout
 
Finished building: F429x_Vibgyor_bars.list
 
18:38:55 **** Incremental Build of configuration Debug for project F429x_Vibgyor_bars ****
make -j12 all 
arm-none-eabi-gcc "../Src/bsp_lcd.c" -mcpu=cortex-m4 -std=gnu11 -g3 -DDEBUG -DSTM32F429I_DISC1 -DSTM32 -DSTM32F429ZITx -DSTM32F4 -c -I../Inc -O0 -ffunction-sections -fdata-sections -Wall -fstack-usage -fcyclomatic-complexity -MMD -MP -MF"Src/bsp_lcd.d" -MT"Src/bsp_lcd.o" --specs=nano.specs -mfpu=fpv4-sp-d16 -mfloat-abi=soft -mthumb -o "Src/bsp_lcd.o"
arm-none-eabi-gcc -o "F429x_Vibgyor_bars.elf" @"objects.list"   -mcpu=cortex-m4 -T"C:\Users\shrey\STM32CubeIDE\EmbeddedGraphicsLVGL-MCU3\Projects\001Vibgyor_Bars\1_32F429IDISCOVERY\STM32F429ZITX_FLASH.ld" --specs=nosys.specs -Wl,-Map="F429x_Vibgyor_bars.map" -Wl,--gc-sections -static --specs=nano.specs -mfpu=fpv4-sp-d16 -mfloat-abi=soft -mthumb -Wl,--start-group -lc -lm -Wl,--end-group
C:/ST/STM32CubeIDE_1.16.0/STM32CubeIDE/plugins/com.st.stm32cube.ide.mcu.externaltools.gnu-tools-for-stm32.12.3.rel1.win32_1.0.200.202406191623/tools/bin/../lib/gcc/arm-none-eabi/12.3.1/../../../../arm-none-eabi/bin/ld.exe: warning: F429x_Vibgyor_bars.elf has a LOAD segment with RWX permissions
Finished building target: F429x_Vibgyor_bars.elf
 
arm-none-eabi-size  F429x_Vibgyor_bars.elf 
arm-none-eabi-objdump -h -S F429x_Vibgyor_bars.elf  > "F429x_Vibgyor_bars.list"
   text	   data	    bss	    dec	    hex	filename
   4932	     96	 155168	 160196	  271c4	F429x_Vibgyor_bars.elf
Finished building: default.size.stdout
 
Finished building: F429x_Vibgyor_bars.list
 
18:38:58 **** Incremental Build of configuration Debug for project F429x_Vibgyor_bars ****
make -j12 all 
arm-none-eabi-gcc -o "F429x_Vibgyor_bars.elf" @"objects.list"   -mcpu=cortex-m4 -T"C:\Users\shrey\STM32CubeIDE\EmbeddedGraphicsLVGL-MCU3\Projects\001Vibgyor_Bars\1_32F429IDISCOVERY\STM32F429ZITX_FLASH.ld" --specs=nosys.specs -Wl,-Map="F429x_Vibgyor_bars.map" -Wl,--gc-sections -static --specs=nano.specs -mfpu=fpv4-sp-d16 -mfloat-abi=soft -mthumb -Wl,--start-group -lc -lm -Wl,--end-group
C:/ST/STM32CubeIDE_1.16.0/STM32CubeIDE/plugins/com.st.stm32cube.ide.mcu.externaltools.gnu-tools-for-stm32.12.3.rel1.win32_1.0.200.202406191623/tools/bin/../lib/gcc/arm-none-eabi/12.3.1/../../../../arm-none-eabi/bin/ld.exe: warning: F429x_Vibgyor_bars.elf has a LOAD segment with RWX permissions
Finished building target: F429x_Vibgyor_bars.elf
 
arm-none-eabi-size  F429x_Vibgyor_bars.elf 
arm-none-eabi-objdump -h -S F429x_Vibgyor_bars.elf  > "F429x_Vibgyor_bars.list"
   text	   data	    bss	    dec	    hex	filename
   4932	     96	 155168	 160196	  271c4	F429x_Vibgyor_bars.elf
Finished building: default.size.stdout
 
Finished building: F429x_Vibgyor_bars.list
 
